#
# A fatal error has been detected by the Java Runtime Environment:
#
#  SIGSEGV (0xb) at pc=0x00000001108232b0, pid=53929, tid=20227
#
# JRE version: Java(TM) SE Runtime Environment (8.0_25-b17) (build 1.8.0_25-b17)
# Java VM: Java HotSpot(TM) 64-Bit Server VM (25.25-b02 mixed mode bsd-amd64 compressed oops)
# Problematic frame:
# V  [libjvm.dylib+0x4232b0]  Method::checked_resolve_jmethod_id(_jmethodID*)+0xe
#
# Failed to write core dump. Core dumps have been disabled. To enable core dumping, try "ulimit -c unlimited" before starting Java again
#
# If you would like to submit a bug report, please visit:
#   http://bugreport.sun.com/bugreport/crash.jsp
#

---------------  T H R E A D  ---------------

Current thread (0x00007f8e3f803000):  JavaThread "JDWP Transport Listener: dt_socket" daemon [_thread_in_vm, id=20227, stack(0x00000001286f3000,0x00000001287f3000)]

siginfo: si_signo: 11 (SIGSEGV), si_code: 1 (SEGV_MAPERR), si_addr: 0x000000000000007a

Registers:
RAX=0x0000000000000001, RBX=0x00000001287f2a8b, RCX=0x0000000110bd6c80, RDX=0x00000001287f2a8b
RSP=0x00000001287f29d0, RBP=0x00000001287f29e0, RSI=0x00007f8e3f803000, RDI=0x000000000000007a
R8 =0x00007f8e3db0fb90, R9 =0x00007f8e3db07970, R10=0x00000000e17d7496, R11=0x0000000059a4c2f6
R12=0x00007f8e3f803000, R13=0x000000000000007a, R14=0x000000000000007a, R15=0x00007f8e3da01590
RIP=0x00000001108232b0, EFLAGS=0x0000000000010202, ERR=0x0000000000000004
  TRAPNO=0x000000000000000e

Top of Stack: (sp=0x00000001287f29d0)
0x00000001287f29d0:   00000001287f2a8b 00000001287f2a8b
0x00000001287f29e0:   00000001287f2a40 000000011073526e
0x00000001287f29f0:   00007f8e3f803000 0000000000000000
0x00000001287f2a00:   0000000000000000 0000000000000000
0x00000001287f2a10:   00007f8e3f803000 00007f8e3f803000
0x00000001287f2a20:   00000001287f2a8b 00000001287f2a90
0x00000001287f2a30:   000000000000007a 000000000000001e
0x00000001287f2a40:   00000001287f2a60 00000001113707dc
0x00000001287f2a50:   0000000000000001 00000001287f2b08
0x00000001287f2a60:   00000001287f2ad0 0000000111355263
0x00000001287f2a70:   00000001287f2aa0 00007f8e3db0fbc0
0x00000001287f2a80:   0000001f00000032 00000401007f2b08
0x00000001287f2a90:   0000000000000000 0000000000000000
0x00000001287f2aa0:   0000000000000000 00000001287f2c90
0x00000001287f2ab0:   0000000111377eca 00007f8e3d990f20
0x00000001287f2ac0:   00000001287f2b08 0000000111383588
0x00000001287f2ad0:   00000001287f2ae0 000000011135535c
0x00000001287f2ae0:   00000001287f2d00 000000011135e8f6
0x00000001287f2af0:   002d8efb00000013 00000000000f0200
0x00000001287f2b00:   00007f8e3d98aec0 00007f8e3f867ee7
0x00000001287f2b10:   00007f8e00000879 00007f8e3db0f760
0x00000001287f2b20:   00007f8e0000012c 00000001287f2b58
0x00000001287f2b30:   00007f8e3db5cef0 0000000000000000
0x00000001287f2b40:   002d8efb0000000f 00007fff00006e80
0x00000001287f2b50:   00000001287f2b58 8e7f00001f000000
0x00000001287f2b60:   10000000b0858b3d 6b63617453746567
0x00000001287f2b70:   70614d656d617246 6e4c29282a000000
0x00000001287f2b80:   61732f66732f7465 727078652f6e6f78
0x00000001287f2b90:   63757274736e692f 614d746f6c532f74
0x00000001287f2ba0:   00003b726567616e 0000010000000000
0x00000001287f2bb0:   000088858b3d8e7f 6d79537465670f00
0x00000001287f2bc0:   6d614e63696c6f62 4c29282300000065 

Instructions: (pc=0x00000001108232b0)
0x0000000110823290:   40 48 48 85 c0 75 e0 30 c0 0f b6 c0 5d c3 31 c0
0x00000001108232a0:   5d c3 55 48 89 e5 53 48 83 ec 08 48 85 ff 74 24
0x00000001108232b0:   48 8b 1f 48 85 db 74 1c 48 83 fb 37 74 16 48 8b
0x00000001108232c0:   03 48 89 df ff 50 10 84 c0 b8 00 00 00 00 48 0f 

Register to memory mapping:

RAX=0x0000000000000001 is an unknown value
RBX=0x00000001287f2a8b is pointing into the stack for thread: 0x00007f8e3f803000
RCX=0x0000000110bd6c80: UseMembar+0 in /Library/Java/JavaVirtualMachines/jdk1.8.0_25.jdk/Contents/Home/jre/lib/server/libjvm.dylib at 0x0000000110400000
RDX=0x00000001287f2a8b is pointing into the stack for thread: 0x00007f8e3f803000
RSP=0x00000001287f29d0 is pointing into the stack for thread: 0x00007f8e3f803000
RBP=0x00000001287f29e0 is pointing into the stack for thread: 0x00007f8e3f803000
RSI=0x00007f8e3f803000 is a thread
RDI=0x000000000000007a is an unknown value
R8 =0x00007f8e3db0fb90 is an unknown value
R9 =0x00007f8e3db07970 is an unknown value
R10=0x00000000e17d7496 is an unknown value
R11=0x0000000059a4c2f6 is an unknown value
R12=0x00007f8e3f803000 is a thread
R13=0x000000000000007a is an unknown value
R14=0x000000000000007a is an unknown value
R15=0x00007f8e3da01590 is an unknown value


Stack: [0x00000001286f3000,0x00000001287f3000],  sp=0x00000001287f29d0,  free space=1022k
Native frames: (J=compiled Java code, j=interpreted, Vv=VM code, C=native code)
V  [libjvm.dylib+0x4232b0]  Method::checked_resolve_jmethod_id(_jmethodID*)+0xe
V  [libjvm.dylib+0x33526e]  jvmti_IsMethodSynthetic+0xb2
C  [libjdwp.dylib+0x207dc]  isMethodSynthetic+0x63
C  [libjdwp.dylib+0x5263]  methods1+0x10b
C  [libjdwp.dylib+0x535c]  methodsWithGeneric+0xe
C  [libjdwp.dylib+0xe8f6]  debugLoop_run+0x1ce
C  [libjdwp.dylib+0x1f716]  attachThread+0x4d
V  [libjvm.dylib+0x3762ce]  JvmtiAgentThread::call_start_function()+0x38
V  [libjvm.dylib+0x535ed9]  JavaThread::thread_main_inner()+0x9b
V  [libjvm.dylib+0x53761c]  JavaThread::run()+0x1c2
V  [libjvm.dylib+0x45d87e]  java_start(Thread*)+0xf6
C  [libsystem_pthread.dylib+0x1899]  _pthread_body+0x8a
C  [libsystem_pthread.dylib+0x172a]  _pthread_struct_init+0x0
C  [libsystem_pthread.dylib+0x5fc9]  thread_start+0xd
C  0x0000000000000000


---------------  P R O C E S S  ---------------

Java Threads: ( => current thread )
  0x00007f8e3c012800 JavaThread "Service Thread" daemon [_thread_blocked, id=23811, stack(0x0000000128e08000,0x0000000128f08000)]
  0x00007f8e3c00f800 JavaThread "C1 CompilerThread3" daemon [_thread_blocked, id=23299, stack(0x0000000128d05000,0x0000000128e05000)]
  0x00007f8e3b82a000 JavaThread "C2 CompilerThread2" daemon [_thread_blocked, id=22787, stack(0x0000000128c02000,0x0000000128d02000)]
  0x00007f8e3e808000 JavaThread "C2 CompilerThread1" daemon [_thread_blocked, id=22275, stack(0x0000000128aff000,0x0000000128bff000)]
  0x00007f8e3c00f000 JavaThread "C2 CompilerThread0" daemon [_thread_blocked, id=21763, stack(0x00000001289fc000,0x0000000128afc000)]
  0x00007f8e3e806800 JavaThread "JDWP Command Reader" daemon [_thread_in_native, id=21251, stack(0x00000001288f9000,0x00000001289f9000)]
  0x00007f8e3f803800 JavaThread "JDWP Event Helper Thread" daemon [_thread_blocked, id=20739, stack(0x00000001287f6000,0x00000001288f6000)]
=>0x00007f8e3f803000 JavaThread "JDWP Transport Listener: dt_socket" daemon [_thread_in_vm, id=20227, stack(0x00000001286f3000,0x00000001287f3000)]
  0x00007f8e3c035000 JavaThread "Signal Dispatcher" daemon [_thread_blocked, id=19715, stack(0x00000001285e9000,0x00000001286e9000)]
  0x00007f8e3e037000 JavaThread "Finalizer" daemon [_thread_blocked, id=14595, stack(0x0000000128399000,0x0000000128499000)]
  0x00007f8e3e036000 JavaThread "Reference Handler" daemon [_thread_blocked, id=14083, stack(0x0000000128296000,0x0000000128396000)]
  0x00007f8e3e001800 JavaThread "main" [_thread_blocked, id=6403, stack(0x000000010f2d7000,0x000000010f3d7000)]

Other Threads:
  0x00007f8e3f801000 VMThread [stack: 0x0000000128193000,0x0000000128293000] [id=13571]
  0x00007f8e3d001000 WatcherThread [stack: 0x0000000128f0b000,0x000000012900b000] [id=24323]

VM state:not at safepoint (normal execution)

VM Mutex/Monitor currently owned by a thread: None

Heap:
 PSYoungGen      total 38400K, used 20400K [0x0000000795580000, 0x0000000798000000, 0x00000007c0000000)
  eden space 33280K, 52% used [0x0000000795580000,0x000000079666b938,0x0000000797600000)
  from space 5120K, 60% used [0x0000000797600000,0x0000000797900a60,0x0000000797b00000)
  to   space 5120K, 0% used [0x0000000797b00000,0x0000000797b00000,0x0000000798000000)
 ParOldGen       total 87552K, used 72K [0x0000000740000000, 0x0000000745580000, 0x0000000795580000)
  object space 87552K, 0% used [0x0000000740000000,0x0000000740012010,0x0000000745580000)
 Metaspace       used 14531K, capacity 14634K, committed 14848K, reserved 1062912K
  class space    used 1967K, capacity 2001K, committed 2048K, reserved 1048576K

Card table byte_map: [0x000000012075b000,0x0000000120b5c000] byte_map_base: 0x000000011cd5b000

Marking Bits: (ParMarkBitMap*) 0x0000000110c9d390
 Begin Bits: [0x000000012161f000, 0x000000012361f000)
 End Bits:   [0x000000012361f000, 0x000000012561f000)

Polling page: 0x000000010f3e7000

CodeCache: size=245760Kb used=2643Kb max_used=2667Kb free=243116Kb
 bounds [0x000000011139b000, 0x000000011164b000, 0x000000012039b000]
 total_blobs=943 nmethods=630 adapters=236
 compilation: enabled

Compilation events (10 events):
Event: 172.457 Thread 0x00007f8e3c00f800  698       3       net.sf.saxon.tree.linked.NodeImpl::getPhysicalRoot (29 bytes)
Event: 172.457 Thread 0x00007f8e3c00f800 nmethod 698 0x00000001115f0b90 code [0x00000001115f0d20, 0x00000001115f11d0]
Event: 172.494 Thread 0x00007f8e3c00f800  699       3       net.sf.saxon.expr.MonoIterator::<init> (15 bytes)
Event: 172.495 Thread 0x00007f8e3c00f800 nmethod 699 0x00000001115f0790 code [0x00000001115f0900, 0x00000001115f0ad0]
Event: 172.495 Thread 0x00007f8e3c00f800  700       3       net.sf.saxon.expr.MonoIterator::next (25 bytes)
Event: 172.495 Thread 0x00007f8e3c00f800 nmethod 700 0x00000001115f02d0 code [0x00000001115f0440, 0x00000001115f0688]
Event: 172.551 Thread 0x00007f8e3c00f800  701   !   3       java.util.Collections$SynchronizedMap::get (25 bytes)
Event: 172.552 Thread 0x00007f8e3c00f800 nmethod 701 0x00000001115efbd0 code [0x00000001115efd60, 0x00000001115f0148]
Event: 290.960 Thread 0x00007f8e3c00f800  702       3       net.sf.saxon.expr.instruct.Choose::size (6 bytes)
Event: 290.960 Thread 0x00007f8e3c00f800 nmethod 702 0x00000001115ef850 code [0x00000001115ef9c0, 0x00000001115efb30]

GC Heap History (2 events):
Event: 14.100 GC heap before
{Heap before GC invocations=1 (full 0):
 PSYoungGen      total 38400K, used 33280K [0x0000000795580000, 0x0000000798000000, 0x00000007c0000000)
  eden space 33280K, 100% used [0x0000000795580000,0x0000000797600000,0x0000000797600000)
  from space 5120K, 0% used [0x0000000797b00000,0x0000000797b00000,0x0000000798000000)
  to   space 5120K, 0% used [0x0000000797600000,0x0000000797600000,0x0000000797b00000)
 ParOldGen       total 87552K, used 0K [0x0000000740000000, 0x0000000745580000, 0x0000000795580000)
  object space 87552K, 0% used [0x0000000740000000,0x0000000740000000,0x0000000745580000)
 Metaspace       used 10717K, capacity 10788K, committed 10880K, reserved 1058816K
  class space    used 1349K, capacity 1360K, committed 1408K, reserved 1048576K
Event: 14.105 GC heap after
Heap after GC invocations=1 (full 0):
 PSYoungGen      total 38400K, used 3074K [0x0000000795580000, 0x0000000798000000, 0x00000007c0000000)
  eden space 33280K, 0% used [0x0000000795580000,0x0000000795580000,0x0000000797600000)
  from space 5120K, 60% used [0x0000000797600000,0x0000000797900a60,0x0000000797b00000)
  to   space 5120K, 0% used [0x0000000797b00000,0x0000000797b00000,0x0000000798000000)
 ParOldGen       total 87552K, used 72K [0x0000000740000000, 0x0000000745580000, 0x0000000795580000)
  object space 87552K, 0% used [0x0000000740000000,0x0000000740012010,0x0000000745580000)
 Metaspace       used 10717K, capacity 10788K, committed 10880K, reserved 1058816K
  class space    used 1349K, capacity 1360K, committed 1408K, reserved 1048576K
}

Deoptimization events (5 events):
Event: 11.145 Thread 0x00007f8e3e001800 Uncommon trap: reason=class_check action=maybe_recompile pc=0x000000011151d9a8 method=sun.misc.URLClassPath.getLoader(I)Lsun/misc/URLClassPath$Loader; @ 94
Event: 11.145 Thread 0x00007f8e3e001800 Uncommon trap: reason=class_check action=maybe_recompile pc=0x000000011151d9a8 method=sun.misc.URLClassPath.getLoader(I)Lsun/misc/URLClassPath$Loader; @ 94
Event: 11.146 Thread 0x00007f8e3e001800 Uncommon trap: reason=class_check action=maybe_recompile pc=0x000000011151d9a8 method=sun.misc.URLClassPath.getLoader(I)Lsun/misc/URLClassPath$Loader; @ 94
Event: 11.386 Thread 0x00007f8e3e001800 Uncommon trap: reason=unreached action=reinterpret pc=0x000000011154fa24 method=java.util.HashMap.getNode(ILjava/lang/Object;)Ljava/util/HashMap$Node; @ 116
Event: 11.392 Thread 0x00007f8e3e001800 Uncommon trap: reason=unreached action=reinterpret pc=0x000000011154df9c method=java.util.HashMap.getNode(ILjava/lang/Object;)Ljava/util/HashMap$Node; @ 116

Internal exceptions (10 events):
Event: 172.285 Thread 0x00007f8e3e001800 Exception <a 'java/security/PrivilegedActionException'> (0x000000079658a490) thrown at [/HUDSON3/workspace/8-2-build-macosx-x86_64/jdk8u25/1514/hotspot/src/share/vm/prims/jvm.cpp, line 1312]
Event: 172.285 Thread 0x00007f8e3e001800 Exception <a 'java/security/PrivilegedActionException'> (0x000000079658f2e8) thrown at [/HUDSON3/workspace/8-2-build-macosx-x86_64/jdk8u25/1514/hotspot/src/share/vm/prims/jvm.cpp, line 1312]
Event: 172.296 Thread 0x00007f8e3e001800 Exception <a 'java/security/PrivilegedActionException'> (0x00000007965a15e8) thrown at [/HUDSON3/workspace/8-2-build-macosx-x86_64/jdk8u25/1514/hotspot/src/share/vm/prims/jvm.cpp, line 1312]
Event: 172.304 Thread 0x00007f8e3e001800 Exception <a 'java/security/PrivilegedActionException'> (0x00000007965ab990) thrown at [/HUDSON3/workspace/8-2-build-macosx-x86_64/jdk8u25/1514/hotspot/src/share/vm/prims/jvm.cpp, line 1312]
Event: 172.312 Thread 0x00007f8e3e001800 Exception <a 'java/security/PrivilegedActionException'> (0x00000007965b4930) thrown at [/HUDSON3/workspace/8-2-build-macosx-x86_64/jdk8u25/1514/hotspot/src/share/vm/prims/jvm.cpp, line 1312]
Event: 172.314 Thread 0x00007f8e3e001800 Exception <a 'java/security/PrivilegedActionException'> (0x00000007965bf3a8) thrown at [/HUDSON3/workspace/8-2-build-macosx-x86_64/jdk8u25/1514/hotspot/src/share/vm/prims/jvm.cpp, line 1312]
Event: 172.323 Thread 0x00007f8e3e001800 Exception <a 'java/security/PrivilegedActionException'> (0x00000007965c43b0) thrown at [/HUDSON3/workspace/8-2-build-macosx-x86_64/jdk8u25/1514/hotspot/src/share/vm/prims/jvm.cpp, line 1312]
Event: 172.360 Thread 0x00007f8e3e001800 Exception <a 'java/security/PrivilegedActionException'> (0x00000007965c9ed0) thrown at [/HUDSON3/workspace/8-2-build-macosx-x86_64/jdk8u25/1514/hotspot/src/share/vm/prims/jvm.cpp, line 1312]
Event: 172.513 Thread 0x00007f8e3e001800 Exception <a 'java/security/PrivilegedActionException'> (0x00000007965d1dd0) thrown at [/HUDSON3/workspace/8-2-build-macosx-x86_64/jdk8u25/1514/hotspot/src/share/vm/prims/jvm.cpp, line 1312]
Event: 260.287 Thread 0x00007f8e3e001800 Exception <a 'java/security/PrivilegedActionException'> (0x00000007965e9850) thrown at [/HUDSON3/workspace/8-2-build-macosx-x86_64/jdk8u25/1514/hotspot/src/share/vm/prims/jvm.cpp, line 1312]

Events (10 events):
Event: 539.639 Executing VM operation: ChangeBreakpoints
Event: 539.640 Executing VM operation: ChangeBreakpoints done
Event: 539.649 Executing VM operation: ChangeBreakpoints
Event: 539.649 Executing VM operation: ChangeBreakpoints done
Event: 539.654 Executing VM operation: ChangeBreakpoints
Event: 539.655 Executing VM operation: ChangeBreakpoints done
Event: 539.666 Executing VM operation: ChangeBreakpoints
Event: 539.666 Executing VM operation: ChangeBreakpoints done
Event: 539.670 Executing VM operation: ChangeBreakpoints
Event: 539.670 Executing VM operation: ChangeBreakpoints done


Dynamic libraries:
0x0000000004ecf000 	/System/Library/Frameworks/Cocoa.framework/Versions/A/Cocoa
0x0000000004ecf000 	/System/Library/Frameworks/Security.framework/Versions/A/Security
0x0000000004ecf000 	/System/Library/Frameworks/ApplicationServices.framework/Versions/A/ApplicationServices
0x0000000004ecf000 	/usr/lib/libz.1.dylib
0x0000000004ecf000 	/usr/lib/libSystem.B.dylib
0x0000000004ecf000 	/usr/lib/libobjc.A.dylib
0x0000000004ecf000 	/System/Library/Frameworks/CoreFoundation.framework/Versions/A/CoreFoundation
0x0000000004ecf000 	/System/Library/Frameworks/Foundation.framework/Versions/C/Foundation
0x0000000004ecf000 	/System/Library/Frameworks/AppKit.framework/Versions/C/AppKit
0x0000000004ecf000 	/System/Library/Frameworks/CoreData.framework/Versions/A/CoreData
0x0000000004ecf000 	/System/Library/PrivateFrameworks/RemoteViewServices.framework/Versions/A/RemoteViewServices
0x0000000004ecf000 	/System/Library/Frameworks/AudioToolbox.framework/Versions/A/AudioToolbox
0x0000000004ecf000 	/System/Library/Frameworks/AudioUnit.framework/Versions/A/AudioUnit
0x0000000004ecf000 	/System/Library/PrivateFrameworks/DataDetectorsCore.framework/Versions/A/DataDetectorsCore
0x0000000004ecf000 	/System/Library/PrivateFrameworks/DesktopServicesPriv.framework/Versions/A/DesktopServicesPriv
0x0000000004ecf000 	/System/Library/Frameworks/Carbon.framework/Versions/A/Frameworks/HIToolbox.framework/Versions/A/HIToolbox
0x0000000004ecf000 	/System/Library/Frameworks/QuartzCore.framework/Versions/A/QuartzCore
0x0000000004ecf000 	/System/Library/Frameworks/Carbon.framework/Versions/A/Frameworks/SpeechRecognition.framework/Versions/A/SpeechRecognition
0x0000000004ecf000 	/usr/lib/libauto.dylib
0x0000000004ecf000 	/usr/lib/libicucore.A.dylib
0x0000000004ecf000 	/usr/lib/libxml2.2.dylib
0x0000000004ecf000 	/System/Library/PrivateFrameworks/CoreUI.framework/Versions/A/CoreUI
0x0000000004ecf000 	/System/Library/Frameworks/CoreAudio.framework/Versions/A/CoreAudio
0x0000000004ecf000 	/System/Library/Frameworks/DiskArbitration.framework/Versions/A/DiskArbitration
0x0000000004ecf000 	/usr/lib/liblangid.dylib
0x0000000004ecf000 	/System/Library/PrivateFrameworks/MultitouchSupport.framework/Versions/A/MultitouchSupport
0x0000000004ecf000 	/System/Library/Frameworks/IOKit.framework/Versions/A/IOKit
0x0000000004ecf000 	/usr/lib/libDiagnosticMessagesClient.dylib
0x0000000004ecf000 	/System/Library/Frameworks/CoreServices.framework/Versions/A/CoreServices
0x0000000004ecf000 	/System/Library/PrivateFrameworks/PerformanceAnalysis.framework/Versions/A/PerformanceAnalysis
0x0000000004ecf000 	/System/Library/PrivateFrameworks/GenerationalStorage.framework/Versions/A/GenerationalStorage
0x0000000004ecf000 	/System/Library/Frameworks/OpenGL.framework/Versions/A/OpenGL
0x0000000004ecf000 	/System/Library/PrivateFrameworks/Sharing.framework/Versions/A/Sharing
0x0000000004ecf000 	/System/Library/Frameworks/ImageIO.framework/Versions/A/ImageIO
0x0000000004ecf000 	/System/Library/Frameworks/CoreText.framework/Versions/A/CoreText
0x0000000004ecf000 	/System/Library/Frameworks/CoreGraphics.framework/Versions/A/CoreGraphics
0x0000000004ecf000 	/System/Library/PrivateFrameworks/Backup.framework/Versions/A/Backup
0x0000000004ecf000 	/System/Library/Frameworks/CFNetwork.framework/Versions/A/CFNetwork
0x0000000004ecf000 	/System/Library/Frameworks/SystemConfiguration.framework/Versions/A/SystemConfiguration
0x0000000004ecf000 	/usr/lib/libCRFSuite.dylib
0x0000000004ecf000 	/usr/lib/libc++.1.dylib
0x0000000004ecf000 	/usr/lib/libc++abi.dylib
0x0000000004ecf000 	/usr/lib/system/libcache.dylib
0x0000000004ecf000 	/usr/lib/system/libcommonCrypto.dylib
0x0000000004ecf000 	/usr/lib/system/libcompiler_rt.dylib
0x0000000004ecf000 	/usr/lib/system/libcopyfile.dylib
0x0000000004ecf000 	/usr/lib/system/libcorecrypto.dylib
0x0000000004ecf000 	/usr/lib/system/libdispatch.dylib
0x0000000004ecf000 	/usr/lib/system/libdyld.dylib
0x0000000004ecf000 	/usr/lib/system/libkeymgr.dylib
0x0000000004ecf000 	/usr/lib/system/liblaunch.dylib
0x0000000004ecf000 	/usr/lib/system/libmacho.dylib
0x0000000004ecf000 	/usr/lib/system/libquarantine.dylib
0x0000000004ecf000 	/usr/lib/system/libremovefile.dylib
0x0000000004ecf000 	/usr/lib/system/libsystem_asl.dylib
0x0000000004ecf000 	/usr/lib/system/libsystem_blocks.dylib
0x0000000004ecf000 	/usr/lib/system/libsystem_c.dylib
0x0000000004ecf000 	/usr/lib/system/libsystem_configuration.dylib
0x0000000004ecf000 	/usr/lib/system/libsystem_dnssd.dylib
0x0000000004ecf000 	/usr/lib/system/libsystem_info.dylib
0x0000000004ecf000 	/usr/lib/system/libsystem_kernel.dylib
0x0000000004ecf000 	/usr/lib/system/libsystem_m.dylib
0x0000000004ecf000 	/usr/lib/system/libsystem_malloc.dylib
0x0000000004ecf000 	/usr/lib/system/libsystem_network.dylib
0x0000000004ecf000 	/usr/lib/system/libsystem_notify.dylib
0x0000000004ecf000 	/usr/lib/system/libsystem_platform.dylib
0x0000000004ecf000 	/usr/lib/system/libsystem_pthread.dylib
0x0000000004ecf000 	/usr/lib/system/libsystem_sandbox.dylib
0x0000000004ecf000 	/usr/lib/system/libsystem_stats.dylib
0x0000000004ecf000 	/usr/lib/system/libunc.dylib
0x0000000004ecf000 	/usr/lib/system/libunwind.dylib
0x0000000004ecf000 	/usr/lib/system/libxpc.dylib
0x0000000004ecf000 	/usr/lib/libbsm.0.dylib
0x0000000004ecf000 	/usr/lib/libsqlite3.dylib
0x0000000004ecf000 	/usr/lib/libxar.1.dylib
0x0000000004ecf000 	/usr/lib/libpam.2.dylib
0x0000000004ecf000 	/usr/lib/libOpenScriptingUtil.dylib
0x0000000004ecf000 	/usr/lib/libbz2.1.0.dylib
0x0000000004ecf000 	/System/Library/Frameworks/CoreServices.framework/Versions/A/Frameworks/CarbonCore.framework/Versions/A/CarbonCore
0x0000000004ecf000 	/System/Library/Frameworks/CoreServices.framework/Versions/A/Frameworks/Metadata.framework/Versions/A/Metadata
0x0000000004ecf000 	/System/Library/Frameworks/CoreServices.framework/Versions/A/Frameworks/OSServices.framework/Versions/A/OSServices
0x0000000004ecf000 	/System/Library/Frameworks/CoreServices.framework/Versions/A/Frameworks/SearchKit.framework/Versions/A/SearchKit
0x0000000004ecf000 	/System/Library/Frameworks/CoreServices.framework/Versions/A/Frameworks/AE.framework/Versions/A/AE
0x0000000004ecf000 	/System/Library/Frameworks/CoreServices.framework/Versions/A/Frameworks/LaunchServices.framework/Versions/A/LaunchServices
0x0000000004ecf000 	/System/Library/Frameworks/CoreServices.framework/Versions/A/Frameworks/DictionaryServices.framework/Versions/A/DictionaryServices
0x0000000004ecf000 	/System/Library/Frameworks/NetFS.framework/Versions/A/NetFS
0x0000000004ecf000 	/usr/lib/system/libkxld.dylib
0x0000000004ecf000 	/System/Library/PrivateFrameworks/NetAuth.framework/Versions/A/NetAuth
0x0000000004ecf000 	/System/Library/PrivateFrameworks/TCC.framework/Versions/A/TCC
0x0000000004ecf000 	/System/Library/Frameworks/OpenDirectory.framework/Versions/A/Frameworks/CFOpenDirectory.framework/Versions/A/CFOpenDirectory
0x0000000004ecf000 	/System/Library/Frameworks/ServiceManagement.framework/Versions/A/ServiceManagement
0x0000000004ecf000 	/usr/lib/libxslt.1.dylib
0x0000000004ecf000 	/System/Library/Frameworks/Carbon.framework/Versions/A/Frameworks/Ink.framework/Versions/A/Ink
0x0000000004ecf000 	/System/Library/Frameworks/ApplicationServices.framework/Versions/A/Frameworks/ATS.framework/Versions/A/ATS
0x0000000004ecf000 	/System/Library/Frameworks/ApplicationServices.framework/Versions/A/Frameworks/ColorSync.framework/Versions/A/ColorSync
0x0000000004ecf000 	/System/Library/Frameworks/ApplicationServices.framework/Versions/A/Frameworks/HIServices.framework/Versions/A/HIServices
0x0000000004ecf000 	/System/Library/Frameworks/ApplicationServices.framework/Versions/A/Frameworks/LangAnalysis.framework/Versions/A/LangAnalysis
0x0000000004ecf000 	/System/Library/Frameworks/ApplicationServices.framework/Versions/A/Frameworks/PrintCore.framework/Versions/A/PrintCore
0x0000000004ecf000 	/System/Library/Frameworks/ApplicationServices.framework/Versions/A/Frameworks/QD.framework/Versions/A/QD
0x0000000004ecf000 	/System/Library/Frameworks/ApplicationServices.framework/Versions/A/Frameworks/SpeechSynthesis.framework/Versions/A/SpeechSynthesis
0x0000000004ecf000 	/System/Library/Frameworks/IOSurface.framework/Versions/A/IOSurface
0x0000000004ecf000 	/System/Library/Frameworks/Accelerate.framework/Versions/A/Accelerate
0x0000000004ecf000 	/System/Library/Frameworks/Accelerate.framework/Versions/A/Frameworks/vImage.framework/Versions/A/vImage
0x0000000004ecf000 	/System/Library/Frameworks/Accelerate.framework/Versions/A/Frameworks/vecLib.framework/Versions/A/vecLib
0x0000000004ecf000 	/System/Library/Frameworks/Accelerate.framework/Versions/A/Frameworks/vecLib.framework/Versions/A/libvDSP.dylib
0x0000000004ecf000 	/System/Library/Frameworks/Accelerate.framework/Versions/A/Frameworks/vecLib.framework/Versions/A/libvMisc.dylib
0x0000000004ecf000 	/System/Library/Frameworks/Accelerate.framework/Versions/A/Frameworks/vecLib.framework/Versions/A/libLAPACK.dylib
0x0000000004ecf000 	/System/Library/Frameworks/Accelerate.framework/Versions/A/Frameworks/vecLib.framework/Versions/A/libBLAS.dylib
0x0000000004ecf000 	/System/Library/Frameworks/ApplicationServices.framework/Versions/A/Frameworks/ATS.framework/Versions/A/Resources/libFontParser.dylib
0x0000000004ecf000 	/System/Library/Frameworks/ApplicationServices.framework/Versions/A/Frameworks/ATS.framework/Versions/A/Resources/libFontRegistry.dylib
0x0000000004ecf000 	/System/Library/Frameworks/ImageIO.framework/Versions/A/Resources/libJPEG.dylib
0x0000000004ecf000 	/System/Library/Frameworks/ImageIO.framework/Versions/A/Resources/libTIFF.dylib
0x0000000004ecf000 	/System/Library/Frameworks/ImageIO.framework/Versions/A/Resources/libPng.dylib
0x0000000004ecf000 	/System/Library/Frameworks/ImageIO.framework/Versions/A/Resources/libGIF.dylib
0x0000000004ecf000 	/System/Library/Frameworks/ImageIO.framework/Versions/A/Resources/libJP2.dylib
0x0000000004ecf000 	/System/Library/Frameworks/ImageIO.framework/Versions/A/Resources/libRadiance.dylib
0x0000000004ecf000 	/usr/lib/libcups.2.dylib
0x0000000004ecf000 	/System/Library/Frameworks/Kerberos.framework/Versions/A/Kerberos
0x0000000004ecf000 	/System/Library/Frameworks/GSS.framework/Versions/A/GSS
0x0000000004ecf000 	/usr/lib/libresolv.9.dylib
0x0000000004ecf000 	/usr/lib/libiconv.2.dylib
0x0000000004ecf000 	/System/Library/PrivateFrameworks/Heimdal.framework/Versions/A/Heimdal
0x0000000004ecf000 	/System/Library/PrivateFrameworks/TrustEvaluationAgent.framework/Versions/A/TrustEvaluationAgent
0x0000000004ecf000 	/usr/lib/libheimdal-asn1.dylib
0x0000000004ecf000 	/System/Library/Frameworks/OpenDirectory.framework/Versions/A/OpenDirectory
0x0000000004ecf000 	/System/Library/PrivateFrameworks/CommonAuth.framework/Versions/A/CommonAuth
0x0000000004ecf000 	/System/Library/Frameworks/SecurityFoundation.framework/Versions/A/SecurityFoundation
0x0000000004ecf000 	/System/Library/PrivateFrameworks/Bom.framework/Versions/A/Bom
0x0000000004ecf000 	/System/Library/Frameworks/CoreVideo.framework/Versions/A/CoreVideo
0x0000000004ecf000 	/System/Library/Frameworks/QuartzCore.framework/Versions/A/Frameworks/CoreImage.framework/Versions/A/CoreImage
0x0000000004ecf000 	/System/Library/Frameworks/QuartzCore.framework/Versions/A/Frameworks/ScalableUserInterface.framework/Versions/A/ScalableUserInterface
0x0000000004ecf000 	/System/Library/Frameworks/OpenGL.framework/Versions/A/Libraries/libGLU.dylib
0x0000000004ecf000 	/System/Library/Frameworks/OpenGL.framework/Versions/A/Libraries/libGFXShared.dylib
0x0000000004ecf000 	/System/Library/Frameworks/OpenGL.framework/Versions/A/Libraries/libGL.dylib
0x0000000004ecf000 	/System/Library/Frameworks/OpenGL.framework/Versions/A/Libraries/libGLImage.dylib
0x0000000004ecf000 	/System/Library/Frameworks/OpenGL.framework/Versions/A/Libraries/libCVMSPluginSupport.dylib
0x0000000004ecf000 	/System/Library/Frameworks/OpenGL.framework/Versions/A/Libraries/libCoreVMClient.dylib
0x0000000004ecf000 	/System/Library/PrivateFrameworks/FaceCore.framework/Versions/A/FaceCore
0x0000000004ecf000 	/System/Library/PrivateFrameworks/CrashReporterSupport.framework/Versions/A/CrashReporterSupport
0x0000000004ecf000 	/System/Library/Frameworks/OpenCL.framework/Versions/A/OpenCL
0x0000000004ecf000 	/System/Library/PrivateFrameworks/AppleFSCompression.framework/Versions/A/AppleFSCompression
0x0000000004ecf000 	/System/Library/PrivateFrameworks/Ubiquity.framework/Versions/A/Ubiquity
0x0000000004ecf000 	/System/Library/PrivateFrameworks/IconServices.framework/Versions/A/IconServices
0x0000000004ecf000 	/System/Library/PrivateFrameworks/ChunkingLibrary.framework/Versions/A/ChunkingLibrary
0x0000000004ecf000 	/System/Library/PrivateFrameworks/CoreSymbolication.framework/Versions/A/CoreSymbolication
0x0000000004ecf000 	/System/Library/PrivateFrameworks/Symbolication.framework/Versions/A/Symbolication
0x0000000004ecf000 	/System/Library/PrivateFrameworks/DebugSymbols.framework/Versions/A/DebugSymbols
0x0000000110400000 	/Library/Java/JavaVirtualMachines/jdk1.8.0_25.jdk/Contents/Home/jre/lib/server/libjvm.dylib
0x0000000004ecf000 	/usr/lib/libstdc++.6.dylib
0x000000010f3d9000 	/Library/Java/JavaVirtualMachines/jdk1.8.0_25.jdk/Contents/Home/jre/lib/libverify.dylib
0x000000011131c000 	/Library/Java/JavaVirtualMachines/jdk1.8.0_25.jdk/Contents/Home/jre/lib/libjava.dylib
0x0000000111350000 	/Library/Java/JavaVirtualMachines/jdk1.8.0_25.jdk/Contents/Home/jre/lib/libjdwp.dylib
0x000000010f3e8000 	/Library/Java/JavaVirtualMachines/jdk1.8.0_25.jdk/Contents/Home/jre/lib/libnpt.dylib
0x000000010f3f5000 	/Library/Java/JavaVirtualMachines/jdk1.8.0_25.jdk/Contents/Home/jre/lib/libzip.dylib
0x000000012849b000 	/System/Library/Frameworks/JavaVM.framework/Frameworks/JavaRuntimeSupport.framework/JavaRuntimeSupport
0x00000001284b3000 	/System/Library/Frameworks/JavaVM.framework/Versions/A/Frameworks/JavaNativeFoundation.framework/Versions/A/JavaNativeFoundation
0x00000001284c8000 	/System/Library/Frameworks/JavaVM.framework/Versions/A/JavaVM
0x0000000004ecf000 	/System/Library/Frameworks/Carbon.framework/Versions/A/Carbon
0x00000001284d5000 	/System/Library/PrivateFrameworks/JavaLaunching.framework/Versions/A/JavaLaunching
0x0000000004ecf000 	/System/Library/Frameworks/Carbon.framework/Versions/A/Frameworks/CommonPanels.framework/Versions/A/CommonPanels
0x0000000004ecf000 	/System/Library/Frameworks/Carbon.framework/Versions/A/Frameworks/Help.framework/Versions/A/Help
0x0000000004ecf000 	/System/Library/Frameworks/Carbon.framework/Versions/A/Frameworks/ImageCapture.framework/Versions/A/ImageCapture
0x0000000004ecf000 	/System/Library/Frameworks/Carbon.framework/Versions/A/Frameworks/OpenScripting.framework/Versions/A/OpenScripting
0x0000000004ecf000 	/System/Library/Frameworks/Carbon.framework/Versions/A/Frameworks/Print.framework/Versions/A/Print
0x0000000004ecf000 	/System/Library/Frameworks/Carbon.framework/Versions/A/Frameworks/SecurityHI.framework/Versions/A/SecurityHI
0x00000001286eb000 	/Library/Java/JavaVirtualMachines/jdk1.8.0_25.jdk/Contents/Home/jre/lib/libdt_socket.dylib

VM Arguments:
jvm_args: -agentlib:jdwp=transport=dt_socket,address=127.0.0.1:52361,suspend=y,server=n -Xmx2048m -Dfile.encoding=UTF-8 
java_command: com.saxonica.testdriver.Xslt30TestSuiteDriver . catalog.xml -s:higher-order-functions -t:higher-order-functions-001 -noexport -o:/Users/mike/w3c/xslt30-test-saxon -debug -lang:XT30 -bytecode:off -streaming:std -ps:off
java_class_path (initial): /Library/Java/JavaVirtualMachines/jdk1.8.0_25.jdk/Contents/Home/lib/ant-javafx.jar:/Library/Java/JavaVirtualMachines/jdk1.8.0_25.jdk/Contents/Home/lib/dt.jar:/Library/Java/JavaVirtualMachines/jdk1.8.0_25.jdk/Contents/Home/lib/javafx-mx.jar:/Library/Java/JavaVirtualMachines/jdk1.8.0_25.jdk/Contents/Home/lib/jconsole.jar:/Library/Java/JavaVirtualMachines/jdk1.8.0_25.jdk/Contents/Home/lib/sa-jdi.jar:/Library/Java/JavaVirtualMachines/jdk1.8.0_25.jdk/Contents/Home/lib/tools.jar:/Library/Java/JavaVirtualMachines/jdk1.8.0_25.jdk/Contents/Home/jre/lib/charsets.jar:/Library/Java/JavaVirtualMachines/jdk1.8.0_25.jdk/Contents/Home/jre/lib/deploy.jar:/Library/Java/JavaVirtualMachines/jdk1.8.0_25.jdk/Contents/Home/jre/lib/javaws.jar:/Library/Java/JavaVirtualMachines/jdk1.8.0_25.jdk/Contents/Home/jre/lib/jce.jar:/Library/Java/JavaVirtualMachines/jdk1.8.0_25.jdk/Contents/Home/jre/lib/jfr.jar:/Library/Java/JavaVirtualMachines/jdk1.8.0_25.jdk/Contents/Home/jre/lib/jfxswt.jar:/Library/Java/JavaVirtualMachines/jdk1.8.0_25.jdk/Contents/Home/jre/lib/jsse.jar:/Library/Java/JavaVirtualMachines/jdk1.8.0_25.jdk/Contents/Home/jre/lib/management-agent.jar:/Library/Java/JavaVirtualMachines/jdk1.8.0_25.jdk/Contents/Home/jre/lib/plugin.jar:/Library/Java/JavaVirtualMachines/jdk1.8.0_25.jdk/Contents/Home/jre/lib/resources.jar:/Library/Java/JavaVirtualMachines/jdk1.8.0_25.jdk/Contents/Home/jre/lib/rt.jar:/Library/Java/JavaVirtualMachines/jdk1.8.0_25.jdk/Contents/Home/jre/lib/ext/cldrdata.jar:/Library/Java/JavaVirtualMachines/jdk1.8.0_25.jdk/Contents/Home/jre/lib/ext/dnsns.jar:/Library/Java/JavaVirtualMachines/jdk1.8.0_25.jdk/Contents/Home/jre/lib/ext/jfxrt.jar:/Library/Java/JavaVirtualMachines/jdk1.8.0_25.jdk/Contents/Home/jre/lib/ext/localedata.jar:/Library/Java/JavaVirtualMachines/jdk1.8.0_25.jdk/Contents/Home/jre/lib/ext/nashorn.jar:/Library/Java/JavaVirtualMachines/jdk1.8.0_25.jdk/Contents/Home/jre/lib/ext/sunec.jar:/Library/Java/JavaVirtualMachines/jdk1.8.0_25.jdk/C
Launcher Type: SUN_STANDARD

Environment Variables:
JAVA_HOME=/Library/Java/JavaVirtualMachines/jdk1.7.0_55.jdk/Contents/Home
PATH=/usr/bin:/bin:/usr/sbin:/sbin:/usr/local/bin:/usr/local/git/bin
SHELL=/bin/bash

Signal Handlers:
SIGSEGV: [libjvm.dylib+0x579dc7], sa_mask[0]=11111111011111110111111111111111, sa_flags=SA_ONSTACK|SA_RESTART|SA_SIGINFO
SIGBUS: [libjvm.dylib+0x579dc7], sa_mask[0]=11111111011111110111111111111111, sa_flags=SA_RESTART|SA_SIGINFO
SIGFPE: [libjvm.dylib+0x45b030], sa_mask[0]=11111111011111110111111111111111, sa_flags=SA_RESTART|SA_SIGINFO
SIGPIPE: [libjvm.dylib+0x45b030], sa_mask[0]=11111111011111110111111111111111, sa_flags=SA_RESTART|SA_SIGINFO
SIGXFSZ: [libjvm.dylib+0x45b030], sa_mask[0]=11111111011111110111111111111111, sa_flags=SA_RESTART|SA_SIGINFO
SIGILL: [libjvm.dylib+0x45b030], sa_mask[0]=11111111011111110111111111111111, sa_flags=SA_RESTART|SA_SIGINFO
SIGUSR1: SIG_DFL, sa_mask[0]=00000000000000000000000000000000, sa_flags=SA_RESTART
SIGUSR2: [libjvm.dylib+0x45ab4e], sa_mask[0]=00100000000000000000000000000000, sa_flags=SA_RESTART|SA_SIGINFO
SIGHUP: [libjvm.dylib+0x459121], sa_mask[0]=11111111011111110111111111111111, sa_flags=SA_RESTART|SA_SIGINFO
SIGINT: [libjvm.dylib+0x459121], sa_mask[0]=11111111011111110111111111111111, sa_flags=SA_RESTART|SA_SIGINFO
SIGTERM: [libjvm.dylib+0x459121], sa_mask[0]=11111111011111110111111111111111, sa_flags=SA_RESTART|SA_SIGINFO
SIGQUIT: [libjvm.dylib+0x459121], sa_mask[0]=11111111011111110111111111111111, sa_flags=SA_RESTART|SA_SIGINFO


---------------  S Y S T E M  ---------------

OS:Bsduname:Darwin 13.4.0 Darwin Kernel Version 13.4.0: Sun Aug 17 19:50:11 PDT 2014; root:xnu-2422.115.4~1/RELEASE_X86_64 x86_64
rlimit: STACK 8192k, CORE 0k, NPROC 709, NOFILE 10240, AS infinity
load average:4.01 4.42 4.59

CPU:total 8 (4 cores per cpu, 2 threads per core) family 6 model 42 stepping 7, cmov, cx8, fxsr, mmx, sse, sse2, sse3, ssse3, sse4.1, sse4.2, popcnt, avx, aes, clmul, ht, tsc, tscinvbit

Memory: 4k page, physical 8388608k(166888k free)

/proc/meminfo:


vm_info: Java HotSpot(TM) 64-Bit Server VM (25.25-b02) for bsd-amd64 JRE (1.8.0_25-b17), built on Sep 17 2014 16:56:50 by "java_re" with gcc 4.2.1 (Based on Apple Inc. build 5658) (LLVM build 2336.11.00)

time: Fri Jan 30 17:22:00 2015
elapsed time: 540 seconds (0d 0h 9m 0s)

